2016/08/29 22:44:46 [info] [components.Result.Result()] Result Construction ...
2016/08/29 22:44:46 [info] [components.Result.Result()] Result object successfully constructed!
2016/08/29 22:44:46 [info] [components.BLL.AccountServiceBLL.read()] Response object built!
2016/08/29 22:44:46 [info] [components.BLL.AccountServiceBLL.read()] Quering the storage through attributes: UserName=>admin2
2016/08/29 22:45:32 [info] [components.Result.Result()] Result Construction ...
2016/08/29 22:45:32 [info] [components.Result.Result()] Result object successfully constructed!
2016/08/29 22:45:32 [info] [components.BLL.AccountServiceBLL.read()] Response object built!
2016/08/29 22:45:32 [info] [components.BLL.AccountServiceBLL.read()] Quering the storage through attributes: UserName=>admin2
2016/08/29 22:45:33 [info] [components.BLL.AccountServiceBLL.read()] Retrieved: 0 Items!
2016/08/29 22:45:33 [info] [components.Result.addData()] Adding 0 items ...
2016/08/29 22:45:33 [info] [components.Result.addData()] Added 0 items successfully!
2016/08/29 22:45:33 [info] [components.BLL.AccountServiceBLL.read()] Operation Completed in 00:00:00.411 (hh:mm:ss.ms)
2016/08/29 22:48:18 [info] [components.Result.Result()] Result Construction ...
2016/08/29 22:48:18 [info] [components.Result.Result()] Result object successfully constructed!
2016/08/29 22:48:18 [info] [components.BLL.AccountServiceBLL.read()] Response object built!
2016/08/29 22:48:18 [info] [components.BLL.AccountServiceBLL.read()] Quering the storage through attributes: UserName=>admin2
2016/08/29 22:48:18 [info] [components.BLL.AccountServiceBLL.read()] Retrieved: 0 Items!
2016/08/29 22:48:18 [info] [components.Result.addData()] Adding 0 items ...
2016/08/29 22:48:18 [info] [components.Result.addData()] Added 0 items successfully!
2016/08/29 22:48:18 [info] [components.BLL.AccountServiceBLL.read()] Operation Completed in 00:00:00.043 (hh:mm:ss.ms)
2016/08/29 22:49:03 [info] [components.Result.Result()] Result Construction ...
2016/08/29 22:49:03 [info] [components.Result.Result()] Result object successfully constructed!
2016/08/29 22:49:03 [info] [components.BLL.AccountServiceBLL.read()] Response object built!
2016/08/29 22:49:03 [info] [components.BLL.AccountServiceBLL.read()] Quering the storage through attributes: UserName=>admin
2016/08/29 22:49:03 [info] [components.BLL.AccountServiceBLL.read()] Retrieved: 1 Items!
2016/08/29 22:49:03 [info] [components.Result.addData()] Adding 1 items ...
2016/08/29 22:49:03 [info] [components.Result.addData()] Cloning and attributes hiding for item 1 ...
2016/08/29 22:49:03 [info] [components.Result.addData()] Cloning and attributes hiding done!
2016/08/29 22:49:03 [info] [components.Result.addData()] Purged item successfully added to results!
2016/08/29 22:49:03 [info] [components.Result.addData()] Added 1 items successfully!
2016/08/29 22:49:03 [info] [components.BLL.AccountServiceBLL.read()] Operation Completed in 00:00:00.025 (hh:mm:ss.ms)
2016/08/29 22:58:21 [info] [components.Result.Result()] Result Construction ...
2016/08/29 22:58:21 [info] [components.Result.Result()] Result object successfully constructed!
2016/08/29 22:58:21 [info] [components.BLL.AccountServiceBLL.login()] Response object built!
2016/08/29 22:58:21 [info] [components.BLL.AccountServiceBLL.login()] Quering the storage through attributes: UserName=>lpaglionico
2016/08/29 22:59:23 [info] [components.Result.Result()] Result Construction ...
2016/08/29 22:59:23 [info] [components.Result.Result()] Result object successfully constructed!
2016/08/29 22:59:23 [info] [components.BLL.AccountServiceBLL.login()] Response object built!
2016/08/29 22:59:23 [info] [components.BLL.AccountServiceBLL.login()] Quering the storage through attributes: UserName=>lpaglionico
2016/08/29 22:59:23 [info] [components.BLL.AccountServiceBLL.login()] Retrieved: 1 Items!
2016/08/29 22:59:23 [info] [components.BLL.AccountServiceBLL.checkUniqueRecord()] Operation Completed in 00:00:00.000 (hh:mm:ss.ms)
2016/08/29 22:59:23 [info] [components.BLL.AccountServiceBLL.checkUACAccount()] Operation Completed in 00:00:00.000 (hh:mm:ss.ms)
2016/08/29 22:59:23 [info] [components.BLL.AccountServiceBLL.login()] Operation Completed in 00:00:00.049 (hh:mm:ss.ms)
2016/08/29 23:02:36 [info] [components.Result.Result()] Result Construction ...
2016/08/29 23:02:36 [info] [components.Result.Result()] Result object successfully constructed!
2016/08/29 23:02:36 [info] [components.BLL.AccountServiceBLL.login()] Response object built!
2016/08/29 23:02:36 [info] [components.BLL.AccountServiceBLL.login()] Quering the storage through attributes: UserName=>lpaglionico
2016/08/29 23:02:36 [info] [components.BLL.AccountServiceBLL.login()] Retrieved: 1 Items!
2016/08/29 23:02:36 [info] [components.BLL.AccountServiceBLL.checkUniqueRecord()] Operation Completed in 00:00:00.000 (hh:mm:ss.ms)
2016/08/29 23:02:36 [info] [components.BLL.AccountServiceBLL.checkUACAccount()] Array
(
    [0] => Account Object
        (
            [_new:CActiveRecord:private] => 
            [_attributes:CActiveRecord:private] => Array
                (
                    [IDAccount] => 3
                    [AccountExpires] => 0
                    [AccountCreationDate] => 2016-07-20 23:17:00.000
                    [AccountLifeTime] => 
                    [UAC] => 200
                    [UserName] => lpaglionico
                    [DigestPwd] => $2y$10$tADM0a68yQ1soKmhV7PbVuk0LG3YwOa8xeXV2ApaMRPs1vZABkRqu
                    [PwdExpires] => 1
                    [PwdLifeTime] => 60
                    [PwdUpdateDate] => 2016-07-20 23:17:00.000
                    [PwdFailuresCount] => 0
                    [PwdMaxFailuresCount] => 5
                    [EmailMain] => paglionico@seminabit.com
                    [PhoneNumber] => 3939140942
                    [EmailRecovery] => ciccio.pasticcio@gmail.com
                    [RecoveryType] => phone
                    [LastLoginDateTime] => 
                    [LastLogoffDateTime] => 
                    [LastLoginIP] => 
                    [LastLoginMAC] => 
                    [updt_date] => 2016-07-20 23:17:00.000
                    [updt_usrID] => 1
                )

            [_related:CActiveRecord:private] => Array
                (
                )

            [_c:CActiveRecord:private] => 
            [_pk:CActiveRecord:private] => 3
            [_alias:CActiveRecord:private] => t
            [_errors:CModel:private] => Array
                (
                )

            [_validators:CModel:private] => 
            [_scenario:CModel:private] => update
            [_e:CComponent:private] => 
            [_m:CComponent:private] => 
        )

)

2016/08/29 23:02:36 [info] [components.BLL.AccountServiceBLL.checkUACAccount()] Operation Completed in 00:00:00.000 (hh:mm:ss.ms)
2016/08/29 23:02:36 [info] [components.BLL.AccountServiceBLL.login()] Operation Completed in 00:00:00.026 (hh:mm:ss.ms)
2016/08/29 23:03:48 [info] [components.Result.Result()] Result Construction ...
2016/08/29 23:03:48 [info] [components.Result.Result()] Result object successfully constructed!
2016/08/29 23:03:48 [info] [components.BLL.AccountServiceBLL.login()] Response object built!
2016/08/29 23:03:48 [info] [components.BLL.AccountServiceBLL.login()] Quering the storage through attributes: UserName=>lpaglionico
2016/08/29 23:03:48 [info] [components.BLL.AccountServiceBLL.login()] Retrieved: 1 Items!
2016/08/29 23:03:48 [info] [components.BLL.AccountServiceBLL.checkUniqueRecord()] Operation Completed in 00:00:00.000 (hh:mm:ss.ms)
2016/08/29 23:03:48 [info] [components.BLL.AccountServiceBLL.checkUACAccount()] Account Object
(
    [_new:CActiveRecord:private] => 
    [_attributes:CActiveRecord:private] => Array
        (
            [IDAccount] => 3
            [AccountExpires] => 0
            [AccountCreationDate] => 2016-07-20 23:17:00.000
            [AccountLifeTime] => 
            [UAC] => 200
            [UserName] => lpaglionico
            [DigestPwd] => $2y$10$tADM0a68yQ1soKmhV7PbVuk0LG3YwOa8xeXV2ApaMRPs1vZABkRqu
            [PwdExpires] => 1
            [PwdLifeTime] => 60
            [PwdUpdateDate] => 2016-07-20 23:17:00.000
            [PwdFailuresCount] => 0
            [PwdMaxFailuresCount] => 5
            [EmailMain] => paglionico@seminabit.com
            [PhoneNumber] => 3939140942
            [EmailRecovery] => ciccio.pasticcio@gmail.com
            [RecoveryType] => phone
            [LastLoginDateTime] => 
            [LastLogoffDateTime] => 
            [LastLoginIP] => 
            [LastLoginMAC] => 
            [updt_date] => 2016-07-20 23:17:00.000
            [updt_usrID] => 1
        )

    [_related:CActiveRecord:private] => Array
        (
        )

    [_c:CActiveRecord:private] => 
    [_pk:CActiveRecord:private] => 3
    [_alias:CActiveRecord:private] => t
    [_errors:CModel:private] => Array
        (
        )

    [_validators:CModel:private] => 
    [_scenario:CModel:private] => update
    [_e:CComponent:private] => 
    [_m:CComponent:private] => 
)

2016/08/29 23:03:48 [info] [components.BLL.AccountServiceBLL.checkUACAccount()] Account active!
2016/08/29 23:03:48 [info] [components.BLL.AccountServiceBLL.checkUACAccount()] Operation Completed in 00:00:00.000 (hh:mm:ss.ms)
2016/08/29 23:03:48 [info] [components.BLL.AccountServiceBLL.login()] Operation Completed in 00:00:00.099 (hh:mm:ss.ms)
2016/08/29 23:09:24 [info] [components.Result.Result()] Result Construction ...
2016/08/29 23:09:24 [info] [components.Result.Result()] Result object successfully constructed!
2016/08/29 23:09:24 [info] [components.BLL.AccountServiceBLL.login()] Response object built!
2016/08/29 23:09:24 [info] [components.BLL.AccountServiceBLL.login()] Quering the storage through attributes: UserName=>lpaglionico
2016/08/29 23:09:24 [info] [components.BLL.AccountServiceBLL.login()] Retrieved: 1 Items!
2016/08/29 23:09:24 [info] [components.BLL.AccountServiceBLL.checkUniqueRecord()] Operation Completed in 00:00:00.000 (hh:mm:ss.ms)
2016/08/29 23:09:24 [info] [components.BLL.AccountServiceBLL.checkUACAccount()] Account Object
(
    [_new:CActiveRecord:private] => 
    [_attributes:CActiveRecord:private] => Array
        (
            [IDAccount] => 3
            [AccountExpires] => 0
            [AccountCreationDate] => 2016-07-20 23:17:00.000
            [AccountLifeTime] => 
            [UAC] => 200
            [UserName] => lpaglionico
            [DigestPwd] => $2y$10$tADM0a68yQ1soKmhV7PbVuk0LG3YwOa8xeXV2ApaMRPs1vZABkRqu
            [PwdExpires] => 1
            [PwdLifeTime] => 60
            [PwdUpdateDate] => 2016-07-20 23:17:00.000
            [PwdFailuresCount] => 0
            [PwdMaxFailuresCount] => 5
            [EmailMain] => paglionico@seminabit.com
            [PhoneNumber] => 3939140942
            [EmailRecovery] => ciccio.pasticcio@gmail.com
            [RecoveryType] => phone
            [LastLoginDateTime] => 
            [LastLogoffDateTime] => 
            [LastLoginIP] => 
            [LastLoginMAC] => 
            [updt_date] => 2016-07-20 23:17:00.000
            [updt_usrID] => 1
        )

    [_related:CActiveRecord:private] => Array
        (
        )

    [_c:CActiveRecord:private] => 
    [_pk:CActiveRecord:private] => 3
    [_alias:CActiveRecord:private] => t
    [_errors:CModel:private] => Array
        (
        )

    [_validators:CModel:private] => 
    [_scenario:CModel:private] => update
    [_e:CComponent:private] => 
    [_m:CComponent:private] => 
)

2016/08/29 23:09:24 [info] [components.BLL.AccountServiceBLL.checkUACAccount()] Account active!
2016/08/29 23:09:24 [info] [components.BLL.AccountServiceBLL.checkUACAccount()] Operation Completed in 00:00:00.000 (hh:mm:ss.ms)
2016/08/29 23:09:24 [info] [components.BLL.AccountServiceBLL.login()] Operation Completed in 00:00:00.112 (hh:mm:ss.ms)
2016/08/29 23:09:24 [info] [components.Result.Result()] Result Construction ...
2016/08/29 23:09:24 [info] [components.Result.Result()] Result object successfully constructed!
2016/08/29 23:09:24 [info] [components.BLL.AccountServiceBLL.read()] Response object built!
2016/08/29 23:09:24 [info] [components.BLL.AccountServiceBLL.read()] Quering the storage through attributes: UserName=>lpaglionico
2016/08/29 23:09:24 [info] [components.BLL.AccountServiceBLL.read()] Retrieved: 1 Items!
2016/08/29 23:09:24 [info] [components.Result.addData()] Adding 1 items ...
2016/08/29 23:09:24 [info] [components.Result.addData()] Cloning and attributes hiding for item 1 ...
2016/08/29 23:09:24 [info] [components.Result.addData()] Cloning and attributes hiding done!
2016/08/29 23:09:24 [info] [components.Result.addData()] Purged item successfully added to results!
2016/08/29 23:09:24 [info] [components.Result.addData()] Added 1 items successfully!
2016/08/29 23:09:24 [info] [components.BLL.AccountServiceBLL.read()] Operation Completed in 00:00:00.001 (hh:mm:ss.ms)
2016/08/29 23:10:30 [info] [components.Result.Result()] Result Construction ...
2016/08/29 23:10:30 [info] [components.Result.Result()] Result object successfully constructed!
2016/08/29 23:10:30 [info] [components.BLL.AccountServiceBLL.login()] Response object built!
2016/08/29 23:10:30 [info] [components.BLL.AccountServiceBLL.login()] Quering the storage through attributes: UserName=>lpaglionico
2016/08/29 23:10:30 [info] [components.BLL.AccountServiceBLL.login()] Retrieved: 1 Items!
2016/08/29 23:10:30 [info] [components.BLL.AccountServiceBLL.checkUniqueRecord()] Operation Completed in 00:00:00.000 (hh:mm:ss.ms)
2016/08/29 23:10:30 [info] [components.BLL.AccountServiceBLL.checkUACAccount()] Account Object
(
    [_new:CActiveRecord:private] => 
    [_attributes:CActiveRecord:private] => Array
        (
            [IDAccount] => 3
            [AccountExpires] => 0
            [AccountCreationDate] => 2016-07-20 23:17:00.000
            [AccountLifeTime] => 
            [UAC] => 200
            [UserName] => lpaglionico
            [DigestPwd] => $2y$10$tADM0a68yQ1soKmhV7PbVuk0LG3YwOa8xeXV2ApaMRPs1vZABkRqu
            [PwdExpires] => 1
            [PwdLifeTime] => 60
            [PwdUpdateDate] => 2016-07-20 23:17:00.000
            [PwdFailuresCount] => 0
            [PwdMaxFailuresCount] => 5
            [EmailMain] => paglionico@seminabit.com
            [PhoneNumber] => 3939140942
            [EmailRecovery] => ciccio.pasticcio@gmail.com
            [RecoveryType] => phone
            [LastLoginDateTime] => 
            [LastLogoffDateTime] => 
            [LastLoginIP] => 
            [LastLoginMAC] => 
            [updt_date] => 2016-07-20 23:17:00.000
            [updt_usrID] => 1
        )

    [_related:CActiveRecord:private] => Array
        (
        )

    [_c:CActiveRecord:private] => 
    [_pk:CActiveRecord:private] => 3
    [_alias:CActiveRecord:private] => t
    [_errors:CModel:private] => Array
        (
        )

    [_validators:CModel:private] => 
    [_scenario:CModel:private] => update
    [_e:CComponent:private] => 
    [_m:CComponent:private] => 
)

2016/08/29 23:10:30 [info] [components.BLL.AccountServiceBLL.checkUACAccount()] Account active!
2016/08/29 23:10:30 [info] [components.BLL.AccountServiceBLL.checkUACAccount()] Operation Completed in 00:00:00.000 (hh:mm:ss.ms)
2016/08/29 23:10:30 [info] [components.BLL.AccountServiceBLL.login()] Operation Completed in 00:00:00.088 (hh:mm:ss.ms)
2016/08/29 23:10:30 [info] [components.Result.Result()] Result Construction ...
2016/08/29 23:10:30 [info] [components.Result.Result()] Result object successfully constructed!
2016/08/29 23:10:30 [info] [components.BLL.AccountServiceBLL.read()] Response object built!
2016/08/29 23:10:30 [info] [components.BLL.AccountServiceBLL.read()] Quering the storage through attributes: UserName=>lpaglionico
2016/08/29 23:10:30 [info] [components.BLL.AccountServiceBLL.read()] Retrieved: 1 Items!
2016/08/29 23:10:30 [info] [components.Result.addData()] Adding 1 items ...
2016/08/29 23:10:30 [info] [components.Result.addData()] Cloning and attributes hiding for item 1 ...
2016/08/29 23:11:31 [info] [components.Result.Result()] Result Construction ...
2016/08/29 23:11:31 [info] [components.Result.Result()] Result object successfully constructed!
2016/08/29 23:11:31 [info] [components.BLL.AccountServiceBLL.read()] Response object built!
2016/08/29 23:11:31 [info] [components.BLL.AccountServiceBLL.read()] Quering the storage through attributes: UserName=>admin
2016/08/29 23:11:31 [info] [components.BLL.AccountServiceBLL.read()] Retrieved: 1 Items!
2016/08/29 23:11:31 [info] [components.Result.addData()] Adding 1 items ...
2016/08/29 23:11:31 [info] [components.Result.addData()] Cloning and attributes hiding for item 1 ...
2016/08/29 23:11:31 [info] [components.Result.addData()] Cloning and attributes hiding done!
2016/08/29 23:11:31 [info] [components.Result.addData()] Purged item successfully added to results!
2016/08/29 23:11:31 [info] [components.Result.addData()] Added 1 items successfully!
2016/08/29 23:11:31 [info] [components.BLL.AccountServiceBLL.read()] Operation Completed in 00:00:00.025 (hh:mm:ss.ms)
2016/08/29 23:11:31 [info] [components.Result.Result()] Result Construction ...
2016/08/29 23:11:31 [info] [components.Result.Result()] Result object successfully constructed!
2016/08/29 23:11:31 [info] [components.BLL.AccountServiceBLL.login()] Response object built!
2016/08/29 23:11:31 [info] [components.BLL.AccountServiceBLL.login()] Quering the storage through attributes: UserName=>lpaglionico
2016/08/29 23:11:31 [info] [components.BLL.AccountServiceBLL.login()] Retrieved: 1 Items!
2016/08/29 23:11:31 [info] [components.BLL.AccountServiceBLL.checkUniqueRecord()] Operation Completed in 00:00:00.000 (hh:mm:ss.ms)
2016/08/29 23:11:31 [info] [components.BLL.AccountServiceBLL.checkUACAccount()] Account Object
(
    [_new:CActiveRecord:private] => 
    [_attributes:CActiveRecord:private] => Array
        (
            [IDAccount] => 3
            [AccountExpires] => 0
            [AccountCreationDate] => 2016-07-20 23:17:00.000
            [AccountLifeTime] => 
            [UAC] => 200
            [UserName] => lpaglionico
            [DigestPwd] => $2y$10$tADM0a68yQ1soKmhV7PbVuk0LG3YwOa8xeXV2ApaMRPs1vZABkRqu
            [PwdExpires] => 1
            [PwdLifeTime] => 60
            [PwdUpdateDate] => 2016-07-20 23:17:00.000
            [PwdFailuresCount] => 0
            [PwdMaxFailuresCount] => 5
            [EmailMain] => paglionico@seminabit.com
            [PhoneNumber] => 3939140942
            [EmailRecovery] => ciccio.pasticcio@gmail.com
            [RecoveryType] => phone
            [LastLoginDateTime] => 
            [LastLogoffDateTime] => 
            [LastLoginIP] => 
            [LastLoginMAC] => 
            [updt_date] => 2016-07-20 23:17:00.000
            [updt_usrID] => 1
        )

    [_related:CActiveRecord:private] => Array
        (
        )

    [_c:CActiveRecord:private] => 
    [_pk:CActiveRecord:private] => 3
    [_alias:CActiveRecord:private] => t
    [_errors:CModel:private] => Array
        (
        )

    [_validators:CModel:private] => 
    [_scenario:CModel:private] => update
    [_e:CComponent:private] => 
    [_m:CComponent:private] => 
)

2016/08/29 23:11:31 [info] [components.BLL.AccountServiceBLL.checkUACAccount()] Account active!
2016/08/29 23:11:31 [info] [components.BLL.AccountServiceBLL.checkUACAccount()] Operation Completed in 00:00:00.000 (hh:mm:ss.ms)
2016/08/29 23:11:31 [info] [components.BLL.AccountServiceBLL.login()] Operation Completed in 00:00:00.079 (hh:mm:ss.ms)
2016/08/29 23:11:31 [info] [components.Result.Result()] Result Construction ...
2016/08/29 23:11:31 [info] [components.Result.Result()] Result object successfully constructed!
2016/08/29 23:11:31 [info] [components.BLL.AccountServiceBLL.read()] Response object built!
2016/08/29 23:11:31 [info] [components.BLL.AccountServiceBLL.read()] Quering the storage through attributes: UserName=>lpaglionico
2016/08/29 23:11:31 [info] [components.BLL.AccountServiceBLL.read()] Retrieved: 1 Items!
2016/08/29 23:11:31 [info] [components.Result.addData()] Adding 1 items ...
2016/08/29 23:11:31 [info] [components.Result.addData()] Cloning and attributes hiding for item 1 ...
2016/08/29 23:11:31 [info] [components.Result.addData()] Cloning and attributes hiding done!
2016/08/29 23:11:31 [info] [components.Result.addData()] Purged item successfully added to results!
2016/08/29 23:11:31 [info] [components.Result.addData()] Added 1 items successfully!
2016/08/29 23:11:31 [info] [components.BLL.AccountServiceBLL.read()] Operation Completed in 00:00:00.001 (hh:mm:ss.ms)
2016/08/29 23:57:21 [info] [components.Result.Result()] Result Construction ...
2016/08/29 23:57:21 [info] [components.Result.Result()] Result object successfully constructed!
2016/08/29 23:57:21 [info] [components.BLL.AccountServiceBLL.read()] Response object built!
2016/08/29 23:57:21 [info] [components.BLL.AccountServiceBLL.read()] Quering the storage through attributes: UserName=>admin
2016/08/29 23:57:21 [info] [components.BLL.AccountServiceBLL.read()] Retrieved: 1 Items!
2016/08/29 23:57:21 [info] [components.Result.addData()] Adding 1 items ...
2016/08/29 23:57:21 [info] [components.Result.addData()] Cloning and attributes hiding for item 1 ...
2016/08/29 23:57:21 [info] [components.Result.addData()] Cloning and attributes hiding done!
2016/08/29 23:57:21 [info] [components.Result.addData()] Purged item successfully added to results!
2016/08/29 23:57:21 [info] [components.Result.addData()] Added 1 items successfully!
2016/08/29 23:57:21 [info] [components.BLL.AccountServiceBLL.read()] Operation Completed in 00:00:00.197 (hh:mm:ss.ms)
2016/08/29 23:57:21 [info] [components.Result.Result()] Result Construction ...
2016/08/29 23:57:21 [info] [components.Result.Result()] Result object successfully constructed!
2016/08/29 23:57:21 [info] [components.BLL.AccountServiceBLL.login()] Response object built!
2016/08/29 23:57:21 [info] [components.BLL.AccountServiceBLL.login()] Quering the storage through attributes: UserName=>lpaglionico
2016/08/29 23:57:21 [info] [components.BLL.AccountServiceBLL.login()] Retrieved: 1 Items!
2016/08/29 23:57:21 [info] [components.BLL.AccountServiceBLL.checkUniqueRecord()] Operation Completed in 00:00:00.000 (hh:mm:ss.ms)
2016/08/29 23:57:21 [info] [components.BLL.AccountServiceBLL.checkUACAccount()] Account Object
(
    [_new:CActiveRecord:private] => 
    [_attributes:CActiveRecord:private] => Array
        (
            [IDAccount] => 3
            [AccountExpires] => 0
            [AccountCreationDate] => 2016-07-20 23:17:00.000
            [AccountLifeTime] => 
            [UAC] => 200
            [UserName] => lpaglionico
            [DigestPwd] => $2y$10$tADM0a68yQ1soKmhV7PbVuk0LG3YwOa8xeXV2ApaMRPs1vZABkRqu
            [PwdExpires] => 1
            [PwdLifeTime] => 60
            [PwdUpdateDate] => 2016-07-20 23:17:00.000
            [PwdFailuresCount] => 0
            [PwdMaxFailuresCount] => 5
            [EmailMain] => paglionico@seminabit.com
            [PhoneNumber] => 3939140942
            [EmailRecovery] => ciccio.pasticcio@gmail.com
            [RecoveryType] => phone
            [LastLoginDateTime] => 
            [LastLogoffDateTime] => 
            [LastLoginIP] => 
            [LastLoginMAC] => 
            [updt_date] => 2016-07-20 23:17:00.000
            [updt_usrID] => 1
        )

    [_related:CActiveRecord:private] => Array
        (
        )

    [_c:CActiveRecord:private] => 
    [_pk:CActiveRecord:private] => 3
    [_alias:CActiveRecord:private] => t
    [_errors:CModel:private] => Array
        (
        )

    [_validators:CModel:private] => 
    [_scenario:CModel:private] => update
    [_e:CComponent:private] => 
    [_m:CComponent:private] => 
)

2016/08/29 23:57:21 [info] [components.BLL.AccountServiceBLL.checkUACAccount()] Account active!
2016/08/29 23:57:21 [info] [components.BLL.AccountServiceBLL.checkUACAccount()] Operation Completed in 00:00:00.000 (hh:mm:ss.ms)
2016/08/29 23:57:21 [info] [components.BLL.AccountServiceBLL.login()] Operation Completed in 00:00:00.076 (hh:mm:ss.ms)
2016/08/29 23:57:21 [info] [components.Result.Result()] Result Construction ...
2016/08/29 23:57:21 [info] [components.Result.Result()] Result object successfully constructed!
2016/08/29 23:57:21 [info] [components.BLL.AccountServiceBLL.read()] Response object built!
2016/08/29 23:57:21 [info] [components.BLL.AccountServiceBLL.read()] Quering the storage through attributes: UserName=>lpaglionico
2016/08/29 23:57:21 [info] [components.BLL.AccountServiceBLL.read()] Retrieved: 1 Items!
2016/08/29 23:57:21 [info] [components.Result.addData()] Adding 1 items ...
2016/08/29 23:57:21 [info] [components.Result.addData()] Cloning and attributes hiding for item 1 ...
2016/08/29 23:57:21 [info] [components.Result.addData()] Cloning and attributes hiding done!
2016/08/29 23:57:21 [info] [components.Result.addData()] Purged item successfully added to results!
2016/08/29 23:57:21 [info] [components.Result.addData()] Added 1 items successfully!
2016/08/29 23:57:21 [info] [components.BLL.AccountServiceBLL.read()] Operation Completed in 00:00:00.002 (hh:mm:ss.ms)
