2016/08/30 00:13:20 [info] [components.Result.Result()] Result Construction ...
2016/08/30 00:13:20 [info] [components.Result.Result()] Result object successfully constructed!
2016/08/30 00:13:20 [info] [components.BLL.AccountServiceBLL.read()] Response object built!
2016/08/30 00:13:20 [info] [components.BLL.AccountServiceBLL.read()] Quering the storage through attributes: UserName=>admin
2016/08/30 00:13:21 [info] [components.BLL.AccountServiceBLL.read()] Retrieved: 1 Items!
2016/08/30 00:13:21 [info] [components.Result.addData()] Adding 1 items ...
2016/08/30 00:13:21 [info] [components.Result.addData()] Cloning and attributes hiding for item 1 ...
2016/08/30 00:13:21 [info] [components.Result.addData()] Cloning and attributes hiding done!
2016/08/30 00:13:21 [info] [components.Result.addData()] Purged item successfully added to results!
2016/08/30 00:13:21 [info] [components.Result.addData()] Added 1 items successfully!
2016/08/30 00:13:21 [info] [components.BLL.AccountServiceBLL.read()] Operation Completed in 00:00:00.056 (hh:mm:ss.ms)
2016/08/30 00:13:21 [info] [components.Result.Result()] Result Construction ...
2016/08/30 00:13:21 [info] [components.Result.Result()] Result object successfully constructed!
2016/08/30 00:13:21 [info] [components.BLL.AccountServiceBLL.login()] Response object built!
2016/08/30 00:13:21 [info] [components.BLL.AccountServiceBLL.login()] Quering the storage through attributes: UserName=>lpaglionico
2016/08/30 00:13:21 [info] [components.BLL.AccountServiceBLL.login()] Retrieved: 1 Items!
2016/08/30 00:13:21 [info] [components.BLL.AccountServiceBLL.checkUniqueRecord()] Operation Completed in 00:00:00.000 (hh:mm:ss.ms)
2016/08/30 00:13:21 [info] [components.BLL.AccountServiceBLL.checkUACAccount()] Account Object
(
    [_new:CActiveRecord:private] => 
    [_attributes:CActiveRecord:private] => Array
        (
            [IDAccount] => 3
            [AccountExpires] => 0
            [AccountCreationDate] => 2016-07-20 23:17:00.000
            [AccountLifeTime] => 
            [UAC] => 200
            [UserName] => lpaglionico
            [DigestPwd] => $2y$10$tADM0a68yQ1soKmhV7PbVuk0LG3YwOa8xeXV2ApaMRPs1vZABkRqu
            [PwdExpires] => 1
            [PwdLifeTime] => 60
            [PwdUpdateDate] => 2016-07-20 23:17:00.000
            [PwdFailuresCount] => 0
            [PwdMaxFailuresCount] => 5
            [EmailMain] => paglionico@seminabit.com
            [PhoneNumber] => 3939140942
            [EmailRecovery] => ciccio.pasticcio@gmail.com
            [RecoveryType] => phone
            [LastLoginDateTime] => 
            [LastLogoffDateTime] => 
            [LastLoginIP] => 
            [LastLoginMAC] => 
            [updt_date] => 2016-07-20 23:17:00.000
            [updt_usrID] => 1
        )

    [_related:CActiveRecord:private] => Array
        (
        )

    [_c:CActiveRecord:private] => 
    [_pk:CActiveRecord:private] => 3
    [_alias:CActiveRecord:private] => t
    [_errors:CModel:private] => Array
        (
        )

    [_validators:CModel:private] => 
    [_scenario:CModel:private] => update
    [_e:CComponent:private] => 
    [_m:CComponent:private] => 
)

2016/08/30 00:13:21 [info] [components.BLL.AccountServiceBLL.checkUACAccount()] Account active!
2016/08/30 00:13:21 [info] [components.BLL.AccountServiceBLL.checkUACAccount()] Operation Completed in 00:00:00.000 (hh:mm:ss.ms)
2016/08/30 00:13:21 [info] [components.BLL.AccountServiceBLL.login()] Operation Completed in 00:00:00.072 (hh:mm:ss.ms)
2016/08/30 00:13:21 [info] [components.BLL.AccountServiceBLL.read()] Quering the storage through attributes: UserName=>lpaglionico
2016/08/30 00:13:21 [info] [components.BLL.AccountServiceBLL.read()] Retrieved: 1 Items!
2016/08/30 00:13:21 [info] [components.Result.addData()] Adding 1 items ...
2016/08/30 00:13:21 [info] [components.Result.addData()] Cloning and attributes hiding for item 1 ...
2016/08/30 00:13:21 [info] [components.Result.addData()] Cloning and attributes hiding done!
2016/08/30 00:13:21 [info] [components.Result.addData()] Purged item successfully added to results!
2016/08/30 00:13:21 [info] [components.Result.addData()] Added 1 items successfully!
2016/08/30 00:13:21 [info] [components.BLL.AccountServiceBLL.read()] Operation Completed in 00:00:00.001 (hh:mm:ss.ms)
2016/08/30 00:54:17 [info] [components.Result.Result()] Result Construction ...
2016/08/30 00:54:17 [info] [components.Result.Result()] Result object successfully constructed!
2016/08/30 00:54:17 [info] [components.BLL.AccountServiceBLL.read()] Response object built!
2016/08/30 00:54:17 [info] [components.BLL.AccountServiceBLL.read()] Quering the storage through attributes: UserName=>admin
2016/08/30 00:54:17 [info] [components.BLL.AccountServiceBLL.read()] Retrieved: 1 Items!
2016/08/30 00:54:17 [info] [components.Result.addData()] Adding 1 items ...
2016/08/30 00:54:17 [info] [components.Result.addData()] Cloning and attributes hiding for item 1 ...
2016/08/30 00:54:17 [info] [components.Result.addData()] Cloning and attributes hiding done!
2016/08/30 00:54:17 [info] [components.Result.addData()] Purged item successfully added to results!
2016/08/30 00:54:17 [info] [components.Result.addData()] Added 1 items successfully!
2016/08/30 00:54:17 [info] [components.BLL.AccountServiceBLL.read()] Operation Completed in 00:00:00.050 (hh:mm:ss.ms)
2016/08/30 00:54:17 [info] [components.Result.Result()] Result Construction ...
2016/08/30 00:54:17 [info] [components.Result.Result()] Result object successfully constructed!
2016/08/30 00:54:17 [info] [components.BLL.AccountServiceBLL.login()] Response object built!
2016/08/30 00:54:17 [info] [components.BLL.AccountServiceBLL.login()] Quering the storage through attributes: UserName=>test
2016/08/30 00:54:17 [info] [components.BLL.AccountServiceBLL.login()] Retrieved: 0 Items!
2016/08/30 00:54:17 [info] [components.BLL.AccountServiceBLL.checkUniqueRecord()] Operation Completed in 00:00:00.000 (hh:mm:ss.ms)
2016/08/30 00:54:17 [info] [components.BLL.AccountServiceBLL.login()] Operation Completed in 00:00:00.004 (hh:mm:ss.ms)
2016/08/30 01:01:27 [info] [components.Result.Result()] Result Construction ...
2016/08/30 01:01:27 [info] [components.Result.Result()] Result object successfully constructed!
2016/08/30 01:01:27 [info] [components.BLL.AccountServiceBLL.read()] Response object built!
2016/08/30 01:01:27 [info] [components.BLL.AccountServiceBLL.read()] Quering the storage through attributes: UserName=>admin
2016/08/30 01:01:27 [info] [components.BLL.AccountServiceBLL.read()] Retrieved: 1 Items!
2016/08/30 01:01:27 [info] [components.Result.addData()] Adding 1 items ...
2016/08/30 01:01:27 [info] [components.Result.addData()] Cloning and attributes hiding for item 1 ...
2016/08/30 01:01:27 [info] [components.Result.addData()] Cloning and attributes hiding done!
2016/08/30 01:01:27 [info] [components.Result.addData()] Purged item successfully added to results!
2016/08/30 01:01:27 [info] [components.Result.addData()] Added 1 items successfully!
2016/08/30 01:01:27 [info] [components.BLL.AccountServiceBLL.read()] Operation Completed in 00:00:00.040 (hh:mm:ss.ms)
2016/08/30 01:01:27 [info] [components.Result.Result()] Result Construction ...
2016/08/30 01:01:27 [info] [components.Result.Result()] Result object successfully constructed!
2016/08/30 01:01:27 [info] [components.BLL.AccountServiceBLL.login()] Response object built!
2016/08/30 01:01:27 [info] [components.BLL.AccountServiceBLL.login()] Quering the storage through attributes: UserName=>test
2016/08/30 01:01:27 [info] [components.BLL.AccountServiceBLL.login()] Retrieved: 0 Items!
2016/08/30 01:01:37 [info] [components.Result.Result()] Result Construction ...
2016/08/30 01:01:37 [info] [components.Result.Result()] Result object successfully constructed!
2016/08/30 01:01:37 [info] [components.BLL.AccountServiceBLL.read()] Response object built!
2016/08/30 01:01:37 [info] [components.BLL.AccountServiceBLL.read()] Quering the storage through attributes: UserName=>admin
2016/08/30 01:01:37 [info] [components.BLL.AccountServiceBLL.read()] Retrieved: 1 Items!
2016/08/30 01:01:37 [info] [components.Result.addData()] Adding 1 items ...
2016/08/30 01:01:37 [info] [components.Result.addData()] Cloning and attributes hiding for item 1 ...
2016/08/30 01:01:37 [info] [components.Result.addData()] Cloning and attributes hiding done!
2016/08/30 01:01:37 [info] [components.Result.addData()] Purged item successfully added to results!
2016/08/30 01:01:37 [info] [components.Result.addData()] Added 1 items successfully!
2016/08/30 01:01:37 [info] [components.BLL.AccountServiceBLL.read()] Operation Completed in 00:00:00.021 (hh:mm:ss.ms)
2016/08/30 01:01:37 [info] [components.Result.Result()] Result Construction ...
2016/08/30 01:01:37 [info] [components.Result.Result()] Result object successfully constructed!
2016/08/30 01:01:37 [info] [components.BLL.AccountServiceBLL.login()] Response object built!
2016/08/30 01:01:37 [info] [components.BLL.AccountServiceBLL.login()] Quering the storage through attributes: UserName=>test
2016/08/30 01:01:37 [info] [components.BLL.AccountServiceBLL.login()] Retrieved: 0 Items!
2016/08/30 01:01:37 [info] [components.BLL.AccountServiceBLL.login()] Operation Completed in 00:00:00.002 (hh:mm:ss.ms)
