2016/08/30 00:12:15 [error] [php] Missing argument 2 for AccountServiceBLL::read(), called in C:\inetpub\wwwroot\Yii1.1Projects\webServices\accountService\protected\components\BLL\AccountServiceBLL.php on line 108 and defined (C:\inetpub\wwwroot\Yii1.1Projects\webServices\accountService\protected\components\BLL\AccountServiceBLL.php:206)
Stack trace:
#0 C:\inetpub\wwwroot\Yii1.1Projects\webServices\accountService\protected\controllers\accountController.php(10): getAccountDetailsByUserName()
#1 C:\inetpub\wwwroot\Yii1.1\web\actions\CInlineAction.php(49): AccountController->actionTest()
#2 C:\inetpub\wwwroot\Yii1.1\web\CController.php(308): CInlineAction->runWithParams()
#3 C:\inetpub\wwwroot\Yii1.1\web\CController.php(286): AccountController->runAction()
#4 C:\inetpub\wwwroot\Yii1.1\web\CController.php(265): AccountController->runActionWithFilters()
#5 C:\inetpub\wwwroot\Yii1.1\web\CWebApplication.php(282): AccountController->run()
#6 C:\inetpub\wwwroot\Yii1.1\web\CWebApplication.php(141): CWebApplication->runController()
#7 C:\inetpub\wwwroot\Yii1.1\base\CApplication.php(184): CWebApplication->processRequest()
#8 C:\inetpub\wwwroot\Yii1.1Projects\webServices\accountService\index.php(19): CWebApplication->run()
REQUEST_URI=/Yii1.1Projects/webServices/accountService/index.php/account/test
2016/08/30 00:54:17 [error] [components.BLL.AccountServiceBLL.checkUniqueRecord()] No data feed to the function!
2016/08/30 01:01:27 [error] [php] Undefined variable: resonse (C:\inetpub\wwwroot\Yii1.1Projects\webServices\accountService\protected\components\BLL\AccountServiceBLL.php:163)
Stack trace:
#0 C:\inetpub\wwwroot\Yii1.1Projects\webServices\accountService\protected\controllers\accountController.php(23): login()
#1 C:\inetpub\wwwroot\Yii1.1\web\actions\CInlineAction.php(49): AccountController->actionTest()
#2 C:\inetpub\wwwroot\Yii1.1\web\CController.php(308): CInlineAction->runWithParams()
#3 C:\inetpub\wwwroot\Yii1.1\web\CController.php(286): AccountController->runAction()
#4 C:\inetpub\wwwroot\Yii1.1\web\CController.php(265): AccountController->runActionWithFilters()
#5 C:\inetpub\wwwroot\Yii1.1\web\CWebApplication.php(282): AccountController->run()
#6 C:\inetpub\wwwroot\Yii1.1\web\CWebApplication.php(141): CWebApplication->runController()
#7 C:\inetpub\wwwroot\Yii1.1\base\CApplication.php(184): CWebApplication->processRequest()
#8 C:\inetpub\wwwroot\Yii1.1Projects\webServices\accountService\index.php(19): CWebApplication->run()
REQUEST_URI=/Yii1.1Projects/webServices/accountService/index.php/account/test
