2016/08/29 22:44:46 [error] [php] Undefined variable: dal (C:\inetpub\wwwroot\Yii1.1Projects\webServices\accountService\protected\components\BLL\AccountServiceBLL.php:251)
Stack trace:
#0 C:\inetpub\wwwroot\Yii1.1Projects\webServices\accountService\protected\controllers\accountController.php(10): getAccountDetailsByUserName()
#1 C:\inetpub\wwwroot\Yii1.1\web\actions\CInlineAction.php(49): AccountController->actionTest()
#2 C:\inetpub\wwwroot\Yii1.1\web\CController.php(308): CInlineAction->runWithParams()
#3 C:\inetpub\wwwroot\Yii1.1\web\CController.php(286): AccountController->runAction()
#4 C:\inetpub\wwwroot\Yii1.1\web\CController.php(265): AccountController->runActionWithFilters()
#5 C:\inetpub\wwwroot\Yii1.1\web\CWebApplication.php(282): AccountController->run()
#6 C:\inetpub\wwwroot\Yii1.1\web\CWebApplication.php(141): CWebApplication->runController()
#7 C:\inetpub\wwwroot\Yii1.1\base\CApplication.php(184): CWebApplication->processRequest()
#8 C:\inetpub\wwwroot\Yii1.1Projects\webServices\accountService\index.php(19): CWebApplication->run()
REQUEST_URI=/Yii1.1Projects/webServices/accountService/index.php/account/test
2016/08/29 22:58:21 [error] [php] Undefined variable: dal (C:\inetpub\wwwroot\Yii1.1Projects\webServices\accountService\protected\components\BLL\AccountServiceBLL.php:165)
Stack trace:
#0 C:\inetpub\wwwroot\Yii1.1Projects\webServices\accountService\protected\controllers\accountController.php(23): isUserLoggable()
#1 C:\inetpub\wwwroot\Yii1.1\web\actions\CInlineAction.php(49): AccountController->actionTest()
#2 C:\inetpub\wwwroot\Yii1.1\web\CController.php(308): CInlineAction->runWithParams()
#3 C:\inetpub\wwwroot\Yii1.1\web\CController.php(286): AccountController->runAction()
#4 C:\inetpub\wwwroot\Yii1.1\web\CController.php(265): AccountController->runActionWithFilters()
#5 C:\inetpub\wwwroot\Yii1.1\web\CWebApplication.php(282): AccountController->run()
#6 C:\inetpub\wwwroot\Yii1.1\web\CWebApplication.php(141): CWebApplication->runController()
#7 C:\inetpub\wwwroot\Yii1.1\base\CApplication.php(184): CWebApplication->processRequest()
#8 C:\inetpub\wwwroot\Yii1.1Projects\webServices\accountService\index.php(19): CWebApplication->run()
REQUEST_URI=/Yii1.1Projects/webServices/accountService/index.php/account/test
2016/08/29 22:59:23 [error] [components.BLL.AccountServiceBLL.checkUACAccount()] Bad data passed to the function!
2016/08/29 23:02:36 [error] [components.BLL.AccountServiceBLL.checkUACAccount()] Bad data passed to the function!
